2024-02-19 14:17:07,790 [INFO] Activator:176 - 


2024-02-19 14:17:07,802 [INFO] Activator:177 - !SESSION log4j initialized
2024-02-19 14:17:17,743 [INFO] LogOutputStream:77 - [STDOUT_REDIRECT] 
2024-02-19 14:17:19,556 [INFO] ApplicationProperties:184 - Using Application install path: /opt/st/stm32cubeide_1.13.2/plugins/com.st.stm32cube.common.mx_6.9.2.202309101412
2024-02-19 14:17:19,607 [INFO] DbMcusXml:78 - Set database path to: /opt/st/stm32cubeide_1.13.2/plugins/com.st.stm32cube.common.mx_6.9.2.202309101412//db//mcu/
2024-02-19 14:17:19,608 [INFO] ApiDb:274 - Set plugin database path to: /opt/st/stm32cubeide_1.13.2/plugins/com.st.stm32cube.common.mx_6.9.2.202309101412//db//plugins/boardmanager/
2024-02-19 14:17:19,609 [WARN] ApiDb:259 - Overriding images path with different value:  => /opt/st/stm32cubeide_1.13.2/plugins/com.st.stm32cube.common.mx_6.9.2.202309101412//db//plugins/mcufinder/images/
2024-02-19 14:17:19,630 [INFO] ApiDb:250 - Set database path to: /home/pavan/.stmcufinder/plugins/mcufinder//mcu/
2024-02-19 14:17:19,633 [INFO] DbMcusAds:125 - Set database path to: /home/pavan/.stmcufinder/plugins/mcufinder//mcu/
2024-02-19 14:17:19,638 [INFO] CrossReferenceDbSqlite:203 - Set database path to: /home/pavan/.stmcufinder/plugins/mcufinder//mcu/cs/
2024-02-19 14:17:20,027 [INFO] RulesReader:64 - Compatibility file has been processed (293 Rules)
2024-02-19 14:17:20,193 [INFO] DbMcusXml:78 - Set database path to: /opt/st/stm32cubeide_1.13.2/plugins/com.st.stm32cube.common.mx_6.9.2.202309101412//db//mcu/
2024-02-19 14:17:20,194 [INFO] ApiDb:274 - Set plugin database path to: /opt/st/stm32cubeide_1.13.2/plugins/com.st.stm32cube.common.mx_6.9.2.202309101412//db//plugins/boardmanager/
2024-02-19 14:17:20,194 [INFO] ApiDb:261 - Set plugin images path to: /opt/st/stm32cubeide_1.13.2/plugins/com.st.stm32cube.common.mx_6.9.2.202309101412//db//plugins/mcufinder/images/
2024-02-19 14:17:20,195 [WARN] DbFile:41 - Overriding database path with different value: /home/pavan/.stmcufinder/plugins/mcufinder/ => /home/pavan/.stmcufinder/plugins/mcufinder
2024-02-19 14:17:20,196 [INFO] ApiDb:250 - Set database path to: /home/pavan/.stmcufinder/plugins/mcufinder//mcu/
2024-02-19 14:17:20,196 [WARN] DbFile:41 - Overriding database path with different value: /home/pavan/.stmcufinder/plugins/mcufinder/ => /home/pavan/.stmcufinder/plugins/mcufinder
2024-02-19 14:17:20,197 [INFO] DbMcusAds:125 - Set database path to: /home/pavan/.stmcufinder/plugins/mcufinder//mcu/
2024-02-19 14:17:20,197 [WARN] DbFile:41 - Overriding database path with different value: /home/pavan/.stmcufinder/plugins/mcufinder/ => /home/pavan/.stmcufinder/plugins/mcufinder
2024-02-19 14:17:20,197 [WARN] DbFile:41 - Overriding database path with different value: /home/pavan/.stmcufinder/plugins/mcufinder/ => /home/pavan/.stmcufinder/plugins/mcufinder
2024-02-19 14:17:20,198 [INFO] CrossReferenceDbSqlite:203 - Set database path to: /home/pavan/.stmcufinder/plugins/mcufinder//mcu/cs/
2024-02-19 14:17:20,355 [INFO] MainPanel:262 - HeapMemory: 268435456
2024-02-19 14:17:20,498 [INFO] DbMcusXml:78 - Set database path to: /opt/st/stm32cubeide_1.13.2/plugins/com.st.stm32cube.common.mx_6.9.2.202309101412//db//mcu/
2024-02-19 14:17:20,499 [INFO] ApiDb:274 - Set plugin database path to: /opt/st/stm32cubeide_1.13.2/plugins/com.st.stm32cube.common.mx_6.9.2.202309101412//db//plugins/boardmanager/
2024-02-19 14:17:20,499 [INFO] ApiDb:261 - Set plugin images path to: /opt/st/stm32cubeide_1.13.2/plugins/com.st.stm32cube.common.mx_6.9.2.202309101412//db//plugins/mcufinder/images/
2024-02-19 14:17:20,500 [WARN] DbFile:41 - Overriding database path with different value: /home/pavan/.stmcufinder/plugins/mcufinder/ => /home/pavan/.stmcufinder/plugins/mcufinder
2024-02-19 14:17:20,500 [INFO] ApiDb:250 - Set database path to: /home/pavan/.stmcufinder/plugins/mcufinder//mcu/
2024-02-19 14:17:20,500 [WARN] DbFile:41 - Overriding database path with different value: /home/pavan/.stmcufinder/plugins/mcufinder/ => /home/pavan/.stmcufinder/plugins/mcufinder
2024-02-19 14:17:20,501 [INFO] DbMcusAds:125 - Set database path to: /home/pavan/.stmcufinder/plugins/mcufinder//mcu/
2024-02-19 14:17:20,501 [WARN] DbFile:41 - Overriding database path with different value: /home/pavan/.stmcufinder/plugins/mcufinder/ => /home/pavan/.stmcufinder/plugins/mcufinder
2024-02-19 14:17:20,501 [WARN] DbFile:41 - Overriding database path with different value: /home/pavan/.stmcufinder/plugins/mcufinder/ => /home/pavan/.stmcufinder/plugins/mcufinder
2024-02-19 14:17:20,502 [INFO] CrossReferenceDbSqlite:203 - Set database path to: /home/pavan/.stmcufinder/plugins/mcufinder//mcu/cs/
2024-02-19 14:17:20,542 [INFO] ApplicationProperties:184 - Using Application install path: /opt/st/stm32cubeide_1.13.2/plugins/com.st.stm32cube.common.mx_6.9.2.202309101412
2024-02-19 14:17:20,544 [INFO] PluginManage:196 - Search for loadable plugins [exclusion list=, ]
2024-02-19 14:17:20,547 [INFO] PluginManage:310 - Check plugin analytics
2024-02-19 14:17:20,955 [INFO] AnalyticsPlugin:253 - Accepted Software Licenses: 
2024-02-19 14:17:20,956 [INFO] AnalyticsPlugin:255 - Accepted CMSIS Pack Licenses: 
2024-02-19 14:17:20,956 [INFO] AnalyticsPlugin:257 - Accepted Firmware Licenses: FW.F4.1.27.0,FW.G4.1.5.0
2024-02-19 14:17:20,965 [INFO] PluginManage:359 - Loaded plugin analytics (category:tool,tabindex:-1)
2024-02-19 14:17:20,965 [INFO] PluginManage:310 - Check plugin cadmodel
2024-02-19 14:17:21,036 [INFO] CADModel:105 - Init CAD model plugin
2024-02-19 14:17:21,037 [INFO] PluginManage:359 - Loaded plugin cadmodel (category:power,tabindex:5)
2024-02-19 14:17:21,038 [INFO] PluginManage:310 - Check plugin clock
2024-02-19 14:17:21,059 [INFO] PluginManage:359 - Loaded plugin clock (category:base,tabindex:2)
2024-02-19 14:17:21,060 [INFO] PluginManage:310 - Check plugin ddr
2024-02-19 14:17:21,065 [INFO] PluginManage:359 - Loaded plugin ddr (category:tool,tabindex:6)
2024-02-19 14:17:21,066 [INFO] PluginManage:310 - Check plugin filemanager
2024-02-19 14:17:21,377 [INFO] PluginManage:359 - Loaded plugin filemanager (category:base,tabindex:10)
2024-02-19 14:17:21,378 [INFO] PluginManage:310 - Check plugin ipmanager
2024-02-19 14:17:21,397 [INFO] PluginManage:359 - Loaded plugin ipmanager (category:base,tabindex:5)
2024-02-19 14:17:21,397 [INFO] PluginManage:310 - Check plugin lpbam
2024-02-19 14:17:21,418 [INFO] PluginManage:359 - Loaded plugin lpbam (category:base,tabindex:0)
2024-02-19 14:17:21,418 [INFO] PluginManage:310 - Check plugin memorymap
2024-02-19 14:17:21,444 [INFO] PluginManage:359 - Loaded plugin memorymap (category:base,tabindex:4)
2024-02-19 14:17:21,445 [INFO] PluginManage:310 - Check plugin pinoutandconfiguration
2024-02-19 14:17:21,465 [INFO] PluginManage:359 - Loaded plugin pinoutandconfiguration (category:base,tabindex:1)
2024-02-19 14:17:21,466 [INFO] PluginManage:310 - Check plugin pinoutconfig
2024-02-19 14:17:21,686 [WARN] SupportedApi:132 - Cannot load RTOS API schema: s4s-elt-must-match.1: The content of 'definitions' must match (annotation?, (simpleType | complexType)?, (unique | key | keyref)*)). A problem was found starting at: attribute.
2024-02-19 14:17:21,983 [INFO] PluginManage:359 - Loaded plugin pinoutconfig (category:base,tabindex:0)
2024-02-19 14:17:21,983 [INFO] PluginManage:310 - Check plugin power
2024-02-19 14:17:21,999 [INFO] PluginManage:359 - Loaded plugin power (category:power,tabindex:4)
2024-02-19 14:17:22,000 [INFO] PluginManage:310 - Check plugin projectmanager
2024-02-19 14:17:22,036 [INFO] PluginManage:359 - Loaded plugin projectmanager (category:projectmanager,tabindex:3)
2024-02-19 14:17:22,037 [INFO] PluginManage:310 - Check plugin thirdparty
2024-02-19 14:17:22,305 [INFO] PluginManage:359 - Loaded plugin thirdparty (category:base,tabindex:-1)
2024-02-19 14:17:22,306 [INFO] PluginManage:310 - Check plugin tools
2024-02-19 14:17:22,311 [INFO] PluginManage:359 - Loaded plugin tools (category:base,tabindex:7)
2024-02-19 14:17:22,311 [INFO] PluginManage:310 - Check plugin tutovideos
2024-02-19 14:17:22,317 [WARN] IntegrityCheckThread:84 - waiting for thirdparty lock release [integrity check]
2024-02-19 14:17:22,318 [INFO] IntegrityCheckThread:86 - entering critical section [integrity check]
2024-02-19 14:17:22,319 [INFO] ThirdPartyUpdaterWithRetryManager:70 - Updater plugin not ready yet. [1/15]
2024-02-19 14:17:22,720 [INFO] PluginManage:359 - Loaded plugin tutovideos (category:base,tabindex:-1)
2024-02-19 14:17:22,720 [INFO] PluginManage:310 - Check plugin updater
2024-02-19 14:17:22,741 [INFO] PluginManage:359 - Loaded plugin updater (category:base,tabindex:12)
2024-02-19 14:17:22,742 [INFO] PluginManage:310 - Check plugin userauth
2024-02-19 14:17:22,754 [INFO] UserAuth:113 - Init User Auth plugin
2024-02-19 14:17:22,754 [INFO] PluginManage:359 - Loaded plugin userauth (category:base,tabindex:14)
2024-02-19 14:17:22,756 [INFO] PluginManage:283 - PluginManage : Loaded plugins [17]
2024-02-19 14:17:23,222 [INFO] PinOutPanel:1499 - setPackage(No Configuration,No Configuration)
2024-02-19 14:17:23,419 [INFO] CADModel:165 - CPN selected for project level
2024-02-19 14:17:23,420 [INFO] CADModel:114 - Register for checkConnection events
2024-02-19 14:17:23,447 [INFO] IPUIPlugin:80 - create IPUIPlugin
2024-02-19 14:17:23,448 [INFO] PluginManager:220 - loadIPPluginJar : add linkedlist
2024-02-19 14:17:23,460 [INFO] IPUIPlugin:80 - create IPUIPlugin
2024-02-19 14:17:23,461 [INFO] PluginManager:220 - loadIPPluginJar : add usbx
2024-02-19 14:17:23,476 [INFO] IPUIPlugin:80 - create IPUIPlugin
2024-02-19 14:17:23,477 [INFO] PluginManager:220 - loadIPPluginJar : add adc
2024-02-19 14:17:23,484 [INFO] IPUIPlugin:80 - create IPUIPlugin
2024-02-19 14:17:23,484 [INFO] PluginManager:220 - loadIPPluginJar : add resmgrutility
2024-02-19 14:17:23,488 [INFO] IPUIPlugin:80 - create IPUIPlugin
2024-02-19 14:17:23,489 [INFO] PluginManager:220 - loadIPPluginJar : add dfsdm
2024-02-19 14:17:23,493 [INFO] IPUIPlugin:80 - create IPUIPlugin
2024-02-19 14:17:23,493 [INFO] PluginManager:220 - loadIPPluginJar : add pdm2pcm
2024-02-19 14:17:23,498 [INFO] IPUIPlugin:80 - create IPUIPlugin
2024-02-19 14:17:23,500 [INFO] PluginManager:220 - loadIPPluginJar : add dma3
2024-02-19 14:17:23,505 [INFO] IPUIPlugin:80 - create IPUIPlugin
2024-02-19 14:17:23,506 [INFO] PluginManager:220 - loadIPPluginJar : add can
2024-02-19 14:17:23,516 [INFO] IPUIPlugin:80 - create IPUIPlugin
2024-02-19 14:17:23,516 [INFO] PluginManager:220 - loadIPPluginJar : add stm32_wpan
2024-02-19 14:17:23,519 [INFO] IPUIPlugin:80 - create IPUIPlugin
2024-02-19 14:17:23,520 [INFO] PluginManager:220 - loadIPPluginJar : add quadspi
2024-02-19 14:17:23,523 [INFO] IPUIPlugin:80 - create IPUIPlugin
2024-02-19 14:17:23,524 [INFO] PluginManager:220 - loadIPPluginJar : add ts
2024-02-19 14:17:23,528 [INFO] IPUIPlugin:80 - create IPUIPlugin
2024-02-19 14:17:23,529 [INFO] PluginManager:220 - loadIPPluginJar : add aes
2024-02-19 14:17:23,539 [INFO] IPUIPlugin:80 - create IPUIPlugin
2024-02-19 14:17:23,539 [INFO] PluginManager:220 - loadIPPluginJar : add mdma
2024-02-19 14:17:23,545 [INFO] IPUIPlugin:80 - create IPUIPlugin
2024-02-19 14:17:23,545 [INFO] PluginManager:220 - loadIPPluginJar : add ipddr
2024-02-19 14:17:23,551 [INFO] IPUIPlugin:80 - create IPUIPlugin
2024-02-19 14:17:23,551 [INFO] PluginManager:220 - loadIPPluginJar : add i3c
2024-02-19 14:17:23,558 [INFO] IPUIPlugin:80 - create IPUIPlugin
2024-02-19 14:17:23,558 [INFO] PluginManager:220 - loadIPPluginJar : add lorawan
2024-02-19 14:17:23,562 [INFO] IPUIPlugin:80 - create IPUIPlugin
2024-02-19 14:17:23,562 [INFO] PluginManager:220 - loadIPPluginJar : add ucpd
2024-02-19 14:17:23,567 [INFO] IPUIPlugin:80 - create IPUIPlugin
2024-02-19 14:17:23,567 [INFO] PluginManager:220 - loadIPPluginJar : add genericplugin
2024-02-19 14:17:23,571 [INFO] IPUIPlugin:80 - create IPUIPlugin
2024-02-19 14:17:23,571 [INFO] PluginManager:220 - loadIPPluginJar : add tsc
2024-02-19 14:17:23,574 [INFO] IPUIPlugin:80 - create IPUIPlugin
2024-02-19 14:17:23,575 [INFO] PluginManager:220 - loadIPPluginJar : add tim
2024-02-19 14:17:23,581 [INFO] IPUIPlugin:80 - create IPUIPlugin
2024-02-19 14:17:23,582 [INFO] PluginManager:220 - loadIPPluginJar : add nvic
2024-02-19 14:17:23,588 [INFO] IPUIPlugin:80 - create IPUIPlugin
2024-02-19 14:17:23,589 [INFO] PluginManager:220 - loadIPPluginJar : add sai
2024-02-19 14:17:23,591 [INFO] IPUIPlugin:80 - create IPUIPlugin
2024-02-19 14:17:23,592 [INFO] PluginManager:220 - loadIPPluginJar : add comp
2024-02-19 14:17:23,596 [INFO] IPUIPlugin:80 - create IPUIPlugin
2024-02-19 14:17:23,596 [INFO] PluginManager:220 - loadIPPluginJar : add opamp
2024-02-19 14:17:23,600 [INFO] IPUIPlugin:80 - create IPUIPlugin
2024-02-19 14:17:23,601 [INFO] PluginManager:220 - loadIPPluginJar : add hash
2024-02-19 14:17:23,606 [INFO] IPUIPlugin:80 - create IPUIPlugin
2024-02-19 14:17:23,607 [INFO] PluginManager:220 - loadIPPluginJar : add usart
2024-02-19 14:17:23,611 [INFO] IPUIPlugin:80 - create IPUIPlugin
2024-02-19 14:17:23,611 [INFO] PluginManager:220 - loadIPPluginJar : add openamp
2024-02-19 14:17:23,616 [INFO] IPUIPlugin:80 - create IPUIPlugin
2024-02-19 14:17:23,616 [INFO] PluginManager:220 - loadIPPluginJar : add spi
2024-02-19 14:17:23,621 [INFO] IPUIPlugin:80 - create IPUIPlugin
2024-02-19 14:17:23,622 [INFO] PluginManager:220 - loadIPPluginJar : add i2c
2024-02-19 14:17:23,631 [INFO] IPUIPlugin:80 - create IPUIPlugin
2024-02-19 14:17:23,632 [INFO] PluginManager:220 - loadIPPluginJar : add gic
2024-02-19 14:17:23,689 [INFO] IPUIPlugin:80 - create IPUIPlugin
2024-02-19 14:17:23,696 [INFO] PluginManager:220 - loadIPPluginJar : add plateformsettings
2024-02-19 14:17:23,699 [INFO] IPUIPlugin:80 - create IPUIPlugin
2024-02-19 14:17:23,699 [INFO] PluginManager:220 - loadIPPluginJar : add fatfs
2024-02-19 14:17:23,703 [INFO] IPUIPlugin:80 - create IPUIPlugin
2024-02-19 14:17:23,704 [INFO] PluginManager:220 - loadIPPluginJar : add gfxmmu
2024-02-19 14:17:23,708 [INFO] IPUIPlugin:80 - create IPUIPlugin
2024-02-19 14:17:23,709 [INFO] PluginManager:220 - loadIPPluginJar : add cryp
2024-02-19 14:17:23,714 [INFO] IPUIPlugin:80 - create IPUIPlugin
2024-02-19 14:17:23,714 [INFO] PluginManager:220 - loadIPPluginJar : add i2s
2024-02-19 14:17:23,717 [INFO] IPUIPlugin:80 - create IPUIPlugin
2024-02-19 14:17:23,718 [INFO] PluginManager:220 - loadIPPluginJar : add tracer_emb
2024-02-19 14:17:23,720 [INFO] IPUIPlugin:80 - create IPUIPlugin
2024-02-19 14:17:23,721 [INFO] PluginManager:220 - loadIPPluginJar : add ltdc
2024-02-19 14:17:23,730 [INFO] IPUIPlugin:80 - create IPUIPlugin
2024-02-19 14:17:23,731 [INFO] PluginManager:220 - loadIPPluginJar : add freertos
2024-02-19 14:17:23,737 [INFO] IPUIPlugin:80 - create IPUIPlugin
2024-02-19 14:17:23,737 [INFO] PluginManager:220 - loadIPPluginJar : add touchsensing
2024-02-19 14:17:23,749 [INFO] IPUIPlugin:80 - create IPUIPlugin
2024-02-19 14:17:23,749 [INFO] PluginManager:220 - loadIPPluginJar : add dma
2024-02-19 14:17:23,757 [INFO] IPUIPlugin:80 - create IPUIPlugin
2024-02-19 14:17:23,758 [INFO] PluginManager:220 - loadIPPluginJar : add fmc
2024-02-19 14:17:23,765 [INFO] IPUIPlugin:80 - create IPUIPlugin
2024-02-19 14:17:23,766 [INFO] PluginManager:220 - loadIPPluginJar : add gpio
2024-02-19 14:17:23,770 [INFO] IPUIPlugin:80 - create IPUIPlugin
2024-02-19 14:17:23,771 [INFO] PluginManager:220 - loadIPPluginJar : add gtzc
2024-02-19 14:17:23,926 [INFO] CADModel:165 - CPN selected for project level
2024-02-19 14:17:23,926 [INFO] CADModel:114 - Register for checkConnection events
2024-02-19 14:17:23,927 [FATAL] Updater:308 - Updater called before beeing initialized
2024-02-19 14:17:23,927 [ERROR] CADModel:125 - Updater not yet initialized, retry later 
2024-02-19 14:17:24,179 [INFO] CADModel:165 - CPN selected for project level
2024-02-19 14:17:24,179 [INFO] CADModel:114 - Register for checkConnection events
2024-02-19 14:17:24,179 [FATAL] Updater:308 - Updater called before beeing initialized
2024-02-19 14:17:24,180 [ERROR] CADModel:125 - Updater not yet initialized, retry later 
2024-02-19 14:17:24,188 [FATAL] Updater:308 - Updater called before beeing initialized
2024-02-19 14:17:24,394 [FATAL] Updater:308 - Updater called before beeing initialized
2024-02-19 14:17:24,408 [INFO] DbMcusAds:53 - JSON generation date=Wed Nov 29 16:22:27 IST 2023 (1701255147200)
2024-02-19 14:17:24,409 [FATAL] Updater:308 - Updater called before beeing initialized
2024-02-19 14:17:24,503 [WARN] DetailPanel:346 - Failed to get advertising image, set to default
2024-02-19 14:17:24,700 [FATAL] Updater:308 - Updater called before beeing initialized
2024-02-19 14:17:24,703 [FATAL] Updater:308 - Updater called before beeing initialized
2024-02-19 14:17:24,703 [FATAL] Updater:308 - Updater called before beeing initialized
2024-02-19 14:17:24,704 [WARN] DetailPanel:346 - Failed to get advertising image, set to default
2024-02-19 14:17:24,706 [FATAL] Updater:308 - Updater called before beeing initialized
2024-02-19 14:17:24,787 [ERROR] Updater:1120 - MainUpdater not yet initialized. External WinMGr cannot be set.
2024-02-19 14:17:24,790 [INFO] Updater:1056 - Updater Version found : 6.9.2
2024-02-19 14:17:24,818 [INFO] ApplicationProperties:184 - Using Application install path: /opt/st/stm32cubeide_1.13.2/plugins/com.st.stm32cube.common.mx_6.9.2.202309101412
2024-02-19 14:17:25,162 [INFO] MainUpdater:2868 - connection check result : 10
2024-02-19 14:17:25,163 [INFO] MainUpdater:285 - Updater Check For Update Now.
2024-02-19 14:17:25,164 [INFO] MicroXplorer:498 - Change Database Version : DB.6.0.92
2024-02-19 14:17:25,175 [INFO] McuFinderGlobals:63 - Set McuFinder mode to 2 (CubeIDE integrated)
2024-02-19 14:17:25,320 [WARN] MainUpdater:1189 - Updater busy. Cannot search thirdparties
2024-02-19 14:17:25,321 [INFO] ThirdPartyUpdaterWithRetryManager:96 - Updater plugin is busy. [1/15]
2024-02-19 14:17:25,633 [INFO] CheckServerUpdateThread:120 - End of CheckServer Thread
2024-02-19 14:17:28,603 [WARN] PackLoader:240 - Cannot read IP mode file for STMicroelectronics.X-CUBE-SMBUS.2.1.0
2024-02-19 14:17:28,623 [WARN] PackLoader:240 - Cannot read IP mode file for STMicroelectronics.X-CUBE-TOUCHGFX.4.23.0
2024-02-19 14:17:28,725 [WARN] PackLoader:240 - Cannot read IP mode file for STMicroelectronics.X-CUBE-AZRTOS-F7.1.1.0
2024-02-19 14:17:28,761 [WARN] PackLoader:240 - Cannot read IP mode file for STMicroelectronics.FP-SNS-MOTENV1.4.3.2
2024-02-19 14:17:28,780 [WARN] PackLoader:240 - Cannot read IP mode file for STMicroelectronics.FP-SNS-FLIGHT1.5.0.2
2024-02-19 14:17:28,808 [WARN] PackLoader:240 - Cannot read IP mode file for STMicroelectronics.X-CUBE-DISPLAY.3.0.0
2024-02-19 14:17:28,842 [WARN] PackLoader:240 - Cannot read IP mode file for STMicroelectronics.X-CUBE-BLE1.7.0.0
2024-02-19 14:17:28,857 [WARN] PackLoader:240 - Cannot read IP mode file for emotas.I-CUBE-CANOPEN.1.3.0
2024-02-19 14:17:28,864 [WARN] PackLoader:240 - Cannot read IP mode file for STMicroelectronics.X-CUBE-TOUCHGFX.4.22.1
2024-02-19 14:17:28,906 [INFO] LogOutputStream:77 - [STDOUT_REDIRECT] 1 : Invalid condition id : UX_CORESTACK_Condition cause : null
2024-02-19 14:17:28,908 [INFO] LogOutputStream:77 - [STDOUT_REDIRECT] 1 : Invalid condition id : UX_CORESTACK_Condition cause : null
2024-02-19 14:17:28,909 [INFO] LogOutputStream:77 - [STDOUT_REDIRECT] 1 : Invalid condition id : UX_CORESTACK_Condition cause : null
2024-02-19 14:17:28,910 [INFO] LogOutputStream:77 - [STDOUT_REDIRECT] 1 : Invalid condition id : UX_CORESTACK_Condition cause : null
2024-02-19 14:17:28,910 [INFO] LogOutputStream:77 - [STDOUT_REDIRECT] 1 : Invalid condition id : UX_CORESTACK_Condition cause : null
2024-02-19 14:17:28,931 [WARN] PackLoader:240 - Cannot read IP mode file for STMicroelectronics.X-CUBE-AZRTOS-WL.2.0.0
2024-02-19 14:17:28,960 [WARN] PackLoader:240 - Cannot read IP mode file for WES.I-CUBE-Cesium.1.3.0
2024-02-19 14:17:29,005 [WARN] PackLoader:240 - Cannot read IP mode file for STMicroelectronics.X-CUBE-BLE2.3.3.0
2024-02-19 14:17:29,028 [WARN] PackLoader:240 - Cannot read IP mode file for STMicroelectronics.X-CUBE-ALGOBUILD.1.3.0
2024-02-19 14:17:29,107 [WARN] PackLoader:240 - Cannot read IP mode file for STMicroelectronics.X-CUBE-AZRTOS-G0.1.1.0
2024-02-19 14:17:29,135 [WARN] PackLoader:240 - Cannot read IP mode file for STMicroelectronics.X-CUBE-NFC4.3.0.0
2024-02-19 14:17:29,194 [WARN] PackLoader:240 - Cannot read IP mode file for STMicroelectronics.X-CUBE-BLEMGR.3.0.0
2024-02-19 14:17:29,227 [WARN] PackLoader:240 - Cannot read IP mode file for STMicroelectronics.FP-ATR-SIGFOX1.3.2.0
2024-02-19 14:17:29,246 [WARN] PackLoader:240 - Cannot read IP mode file for STMicroelectronics.X-CUBE-EEPRMA1.5.1.0
2024-02-19 14:17:29,437 [WARN] PackLoader:240 - Cannot read IP mode file for SEGGER.I-CUBE-embOS.1.3.1
2024-02-19 14:17:29,590 [WARN] PackLoader:240 - Cannot read IP mode file for STMicroelectronics.X-CUBE-GNSS1.6.0.0
2024-02-19 14:17:29,643 [WARN] PackLoader:240 - Cannot read IP mode file for STMicroelectronics.X-CUBE-AZRTOS-F4.1.1.0
2024-02-19 14:17:29,661 [WARN] PackLoader:240 - Cannot read IP mode file for wolfSSL.I-CUBE-wolfSSL.5.6.3
2024-02-19 14:17:29,711 [WARN] PackLoader:240 - Cannot read IP mode file for STMicroelectronics.X-CUBE-AZRTOS-L5.2.0.0
2024-02-19 14:17:29,902 [WARN] PackLoader:240 - Cannot read IP mode file for STMicroelectronics.X-CUBE-MEMS1.9.6.0
2024-02-19 14:17:30,638 [WARN] PackLoader:240 - Cannot read IP mode file for STMicroelectronics.X-CUBE-EEPRMA1.4.2.0
2024-02-19 14:17:30,650 [WARN] PackLoader:240 - Cannot read IP mode file for ITTIA_DB.I-CUBE-ITTIADB.8.8.0
2024-02-19 14:17:30,666 [WARN] PackLoader:240 - Cannot read IP mode file for STMicroelectronics.X-CUBE-BLEMGR.2.0.0
2024-02-19 14:17:30,716 [WARN] ConditionMgr:438 - getConditionDescription Invalid condition id : UX DEVICE CLASS RTOS Condition cause : null
2024-02-19 14:17:30,716 [WARN] ConditionMgr:438 - getConditionDescription Invalid condition id : UX DEVICE CLASS RTOS Condition cause : null
2024-02-19 14:17:30,725 [WARN] PackLoader:240 - Cannot read IP mode file for STMicroelectronics.X-CUBE-AZRTOS-H7.3.1.0
2024-02-19 14:17:30,729 [WARN] ConditionMgr:1039 - genDependencies : Invalid condition id : UX DEVICE CLASS RTOS Condition cause : null
2024-02-19 14:17:30,729 [WARN] ConditionMgr:1039 - genDependencies : Invalid condition id : UX DEVICE CLASS RTOS Condition cause : null
2024-02-19 14:17:30,731 [WARN] ConditionMgr:1039 - genDependencies : Invalid condition id : UX DEVICE CLASS RTOS Condition cause : null
2024-02-19 14:17:30,733 [WARN] ConditionMgr:1039 - genDependencies : Invalid condition id : UX DEVICE CLASS RTOS Condition cause : null
2024-02-19 14:17:30,733 [WARN] ConditionMgr:1039 - genDependencies : Invalid condition id : UX DEVICE CLASS RTOS Condition cause : null
2024-02-19 14:17:30,768 [WARN] PackLoader:240 - Cannot read IP mode file for STMicroelectronics.X-CUBE-NFC7.1.0.1
2024-02-19 14:17:30,785 [WARN] PackLoader:240 - Cannot read IP mode file for STMicroelectronics.X-CUBE-EEPRMA1.4.1.0
2024-02-19 14:17:30,796 [WARN] PackLoader:240 - Cannot read IP mode file for STMicroelectronics.X-CUBE-AI.8.1.0
2024-02-19 14:17:30,850 [WARN] ConditionMgr:438 - getConditionDescription Invalid condition id : LAN8742 Phy interface Condition cause : null
2024-02-19 14:17:30,853 [WARN] PackLoader:240 - Cannot read IP mode file for STMicroelectronics.X-CUBE-AZRTOS-L4.2.0.0
2024-02-19 14:17:30,858 [WARN] ConditionMgr:1039 - genDependencies : Invalid condition id : LAN8742 Phy interface Condition cause : null
2024-02-19 14:17:30,860 [WARN] ConditionMgr:1039 - genDependencies : Invalid condition id : LAN8742 Phy interface Condition cause : null
2024-02-19 14:17:30,863 [WARN] ConditionMgr:1039 - genDependencies : Invalid condition id : LAN8742 Phy interface Condition cause : null
2024-02-19 14:17:30,884 [WARN] PackLoader:240 - Cannot read IP mode file for STMicroelectronics.X-CUBE-SFXS2LP1.4.0.0
2024-02-19 14:17:30,896 [WARN] PackLoader:240 - Cannot read IP mode file for STMicroelectronics.X-CUBE-ISPU.1.1.0
2024-02-19 14:17:30,933 [WARN] ConditionMgr:438 - getConditionDescription Invalid condition id : UX DEVICE CLASS RTOS Condition cause : null
2024-02-19 14:17:30,934 [WARN] ConditionMgr:438 - getConditionDescription Invalid condition id : UX DEVICE CLASS RTOS Condition cause : null
2024-02-19 14:17:30,941 [WARN] PackLoader:240 - Cannot read IP mode file for STMicroelectronics.X-CUBE-AZRTOS-WB.2.0.0
2024-02-19 14:17:30,943 [WARN] ConditionMgr:1039 - genDependencies : Invalid condition id : UX DEVICE CLASS RTOS Condition cause : null
2024-02-19 14:17:30,944 [WARN] ConditionMgr:1039 - genDependencies : Invalid condition id : UX DEVICE CLASS RTOS Condition cause : null
2024-02-19 14:17:30,945 [WARN] ConditionMgr:1039 - genDependencies : Invalid condition id : UX DEVICE CLASS RTOS Condition cause : null
2024-02-19 14:17:30,947 [WARN] ConditionMgr:1039 - genDependencies : Invalid condition id : UX DEVICE CLASS RTOS Condition cause : null
2024-02-19 14:17:30,947 [WARN] ConditionMgr:1039 - genDependencies : Invalid condition id : UX DEVICE CLASS RTOS Condition cause : null
2024-02-19 14:17:30,986 [WARN] PackLoader:240 - Cannot read IP mode file for STMicroelectronics.X-CUBE-SUBG2.5.0.0
2024-02-19 14:17:31,042 [WARN] PackLoader:240 - Cannot read IP mode file for STMicroelectronics.X-CUBE-TOF1.3.3.1
2024-02-19 14:17:31,118 [WARN] PackLoader:240 - Cannot read IP mode file for STMicroelectronics.X-CUBE-AZRTOS-G4.2.0.0
2024-02-19 14:17:31,202 [WARN] PackLoader:240 - Cannot read IP mode file for Infineon.AIROC-Wi-Fi-Bluetooth-STM32.1.5.1
2024-02-19 14:17:31,230 [WARN] PackLoader:240 - Cannot read IP mode file for STMicroelectronics.FP-SNS-MOTENVWB1.1.3.1
2024-02-19 14:17:31,255 [WARN] PackLoader:240 - Cannot read IP mode file for STMicroelectronics.X-CUBE-ISPU.2.0.0
2024-02-19 14:17:31,432 [WARN] PackLoader:240 - Cannot read IP mode file for STMicroelectronics.X-CUBE-MEMS1.10.0.0
2024-02-19 14:17:31,880 [WARN] PackLoader:240 - Cannot read IP mode file for STMicroelectronics.X-CUBE-FREERTOS.1.1.0
2024-02-19 14:17:31,892 [WARN] PackLoader:240 - Cannot read IP mode file for portGmbH.I-Cube-SoM-uGOAL.1.1.0
2024-02-19 14:17:31,900 [WARN] PackLoader:240 - Cannot read IP mode file for STMicroelectronics.X-CUBE-ALS.1.0.1
2024-02-19 14:17:31,909 [WARN] PackLoader:240 - Cannot read IP mode file for STMicroelectronics.FP-ATR-ASTRA1.2.0.0
2024-02-19 14:17:31,937 [WARN] PackLoader:240 - Cannot read IP mode file for STMicroelectronics.X-CUBE-TOF1.3.4.0
2024-02-19 14:17:32,034 [WARN] PackLoader:240 - Cannot read IP mode file for STMicroelectronics.X-CUBE-AZRTOS-H7.3.2.0
2024-02-19 14:17:32,046 [INFO] ThirdParty:978 - Integrity check success = true
2024-02-19 14:17:32,047 [INFO] IntegrityCheckThread:100 - exiting critical section [integrity check]
2024-02-19 14:17:32,047 [INFO] IntegrityCheckThread:103 - End integrity checks thread
2024-02-19 14:17:34,789 [INFO] McuFinderGlobals:63 - Set McuFinder mode to 2 (CubeIDE integrated)
2024-02-19 14:17:34,797 [INFO] MainUpdater:2868 - connection check result : 10
2024-02-19 14:17:34,798 [INFO] MainUpdater:2868 - connection check result : 10
2024-02-19 14:17:34,849 [INFO] MicroXplorer:468 - Change Database Path : 
2024-02-19 14:17:34,850 [INFO] MicroXplorer:498 - Change Database Version : DB.6.0.92
2024-02-19 14:17:34,856 [WARN] ThirdParty:871 - waiting for thirdparty lock release [close project]
2024-02-19 14:17:34,856 [INFO] ThirdParty:873 - entering critical section [close project]
2024-02-19 14:17:34,857 [INFO] ThirdParty:883 - exiting critical section [close project]
2024-02-19 14:17:34,861 [INFO] PinOutPanel:1499 - setPackage(No Configuration,No Configuration)
2024-02-19 14:17:34,874 [INFO] UtilMem:75 - Begin LoadConfig() Used Memory: 134758864 Bytes (330301440)
2024-02-19 14:17:34,896 [INFO] MicroXplorer:468 - Change Database Path : /home/pavan/.stm32cubemx/databases/DB.6.0.81/db/
2024-02-19 14:17:34,897 [INFO] MicroXplorer:498 - Change Database Version : DB.6.0.81
2024-02-19 14:17:39,986 [INFO] OpenFileManager:308 - Change cursor
2024-02-19 14:17:40,202 [INFO] Mcu:1946 - Initializing MCU STM32F407V(E-G)Tx STM32F407VGTx STM32F407VGT6
2024-02-19 14:17:45,180 [INFO] Context:659 - Trying to add GPIOservice into a context  which must be forbidden
2024-02-19 14:17:46,783 [ERROR] LogOutputStream:75 - [STDERR_REDIRECT] SLF4J: Failed to load class "org.slf4j.impl.StaticLoggerBinder".
2024-02-19 14:17:46,785 [ERROR] LogOutputStream:75 - [STDERR_REDIRECT] SLF4J: Defaulting to no-operation (NOP) logger implementation
2024-02-19 14:17:46,786 [ERROR] LogOutputStream:75 - [STDERR_REDIRECT] SLF4J: See http://www.slf4j.org/codes.html#StaticLoggerBinder for further details.
2024-02-19 14:17:47,537 [INFO] RtosManager:555 - Registered RTOS mode: class=CMSIS, group=RTOS, mode=CMSIS_V1, owner=FREERTOS
2024-02-19 14:17:47,538 [INFO] RtosManager:555 - Registered RTOS mode: class=CMSIS, group=RTOS2, mode=CMSIS_V2, owner=FREERTOS
2024-02-19 14:17:47,538 [INFO] RtosManager:555 - Registered RTOS mode: class=RTOS, group=Core, mode=CMSIS_V1, owner=FREERTOS
2024-02-19 14:17:47,538 [INFO] RtosManager:555 - Registered RTOS mode: class=RTOS, group=Core, mode=CMSIS_V2, owner=FREERTOS
2024-02-19 14:17:47,539 [WARN] ModelIntegratedComponent:184 - Missing modes for component STMicroelectronics:FreeRTOS:0.0.1:STMicroelectronics:RTOS:FreeRTOS:Core:::10.2.0:
2024-02-19 14:17:47,582 [WARN] ModelIntegratedComponent:63 - No mode defined for component null
2024-02-19 14:17:47,582 [WARN] ModelIntegratedComponent:63 - No mode defined for component null
2024-02-19 14:17:47,582 [WARN] ModelIntegratedComponent:63 - No mode defined for component null
2024-02-19 14:17:47,582 [WARN] ModelIntegratedComponent:63 - No mode defined for component null
2024-02-19 14:17:47,583 [WARN] ModelIntegratedComponent:63 - No mode defined for component null
2024-02-19 14:17:47,583 [WARN] ModelIntegratedComponent:63 - No mode defined for component null
2024-02-19 14:17:47,583 [WARN] ModelIntegratedComponent:63 - No mode defined for component null
2024-02-19 14:17:47,583 [WARN] ModelIntegratedComponent:63 - No mode defined for component null
2024-02-19 14:17:47,583 [WARN] ModelIntegratedComponent:63 - No mode defined for component null
2024-02-19 14:17:47,584 [WARN] ModelIntegratedComponent:63 - No mode defined for component null
2024-02-19 14:17:47,584 [WARN] ModelIntegratedComponent:63 - No mode defined for component null
2024-02-19 14:17:47,584 [WARN] ModelIntegratedComponent:63 - No mode defined for component null
2024-02-19 14:17:47,584 [WARN] ModelIntegratedComponent:63 - No mode defined for component null
2024-02-19 14:17:47,584 [WARN] ModelIntegratedComponent:63 - No mode defined for component null
2024-02-19 14:17:47,585 [WARN] ModelIntegratedComponent:63 - No mode defined for component null
2024-02-19 14:17:47,585 [WARN] ModelIntegratedComponent:63 - No mode defined for component null
2024-02-19 14:17:47,585 [WARN] ModelIntegratedComponent:63 - No mode defined for component null
2024-02-19 14:17:47,585 [WARN] ModelIntegratedComponent:63 - No mode defined for component null
2024-02-19 14:17:47,585 [WARN] ModelIntegratedComponent:63 - No mode defined for component null
2024-02-19 14:17:47,585 [WARN] ModelIntegratedComponent:63 - No mode defined for component null
2024-02-19 14:17:47,586 [WARN] ModelIntegratedComponent:63 - No mode defined for component null
2024-02-19 14:17:47,586 [WARN] ModelIntegratedComponent:63 - No mode defined for component null
2024-02-19 14:17:47,586 [WARN] ModelIntegratedComponent:63 - No mode defined for component null
2024-02-19 14:17:47,586 [WARN] ModelIntegratedComponent:63 - No mode defined for component null
2024-02-19 14:17:47,586 [WARN] ModelIntegratedComponent:63 - No mode defined for component null
2024-02-19 14:17:47,586 [WARN] ModelIntegratedComponent:63 - No mode defined for component null
2024-02-19 14:17:47,587 [WARN] ModelIntegratedComponent:63 - No mode defined for component null
2024-02-19 14:17:47,587 [WARN] ModelIntegratedComponent:63 - No mode defined for component null
2024-02-19 14:17:47,587 [WARN] ModelIntegratedComponent:63 - No mode defined for component null
2024-02-19 14:17:47,587 [WARN] ModelIntegratedComponent:63 - No mode defined for component null
2024-02-19 14:17:47,587 [WARN] ModelIntegratedComponent:63 - No mode defined for component null
2024-02-19 14:17:47,587 [WARN] ModelIntegratedComponent:63 - No mode defined for component null
2024-02-19 14:17:47,588 [WARN] ModelIntegratedComponent:63 - No mode defined for component null
2024-02-19 14:17:48,003 [INFO] ThirdPartyModel:298 - Start build external matchings
2024-02-19 14:17:50,422 [INFO] ThirdPartyModel:316 - End build external matchings
2024-02-19 14:17:50,532 [INFO] ImportTextPane:194 - (OptionalMessage_ERROR) IP (RCC) : Parameter (RTCHSEDivFreq_Value) has invalid value (4000000)
2024-02-19 14:17:51,388 [INFO] UtilMem:75 - End LoadConfig() Used Memory: 287983760 Bytes (645922816)
2024-02-19 14:17:51,774 [INFO] ApiDb:581 - Connected to CubeFinder SQLite database (/home/pavan/.stmcufinder/plugins/mcufinder/mcu/cube-finder-db.db)
2024-02-19 14:17:51,946 [INFO] ApiDb:668 - CubeFinder database Data Model version=2.1
2024-02-19 14:17:51,946 [INFO] ApiDb:669 - CubeFinder database Configuration version=3.0.39
2024-02-19 14:17:51,947 [INFO] ApiDb:670 - CubeFinder database generation date=2024-01-11 (1704964531)
2024-02-19 14:17:51,948 [INFO] ApiDb:671 - CubeFinder database FW Pack versions=[FP-ATR-ASTRA1_V2.0.0, FP-SNS-FLIGHT1_V5.0.1, FP-SNS-FLIGHT1_V5.0.2, FP-SNS-MOTENV1_V4.3.1, FP-SNS-MOTENV1_V4.3.2, FP-SNS-MOTENVWB1_V1.3.1, FP-SNS-SMARTAG2_V1.2.0, STM32Cube_FW_C0_V1.1.0, STM32Cube_FW_F4_V1.28.0, STM32Cube_FW_F7_V1.17.0, STM32Cube_FW_G0_V1.6.2, STM32Cube_FW_G4_V1.5.2, STM32Cube_FW_H5_V0.5.1, STM32Cube_FW_H5_V1.1.1, STM32Cube_FW_H5_V1.2.0RC2, STM32Cube_FW_H7_V1.11.0, STM32Cube_FW_L0_V1.12.2, STM32Cube_FW_L5_V1.5.0, STM32Cube_FW_U5_V1.3.0RC4, STM32Cube_FW_U5_V1.4.0, STM32Cube_FW_WBA_V1.0.0RC1, STM32Cube_FW_WBA_V1.1.0RC1, STM32Cube_FW_WBA_V1.2.0, STM32Cube_FW_WBA_V1.2.0RC2, STM32Cube_FW_WB_V1.15.0RC1, STM32Cube_FW_WB_V1.16.0, STM32Cube_FW_WB_V1.16.0RC2, STM32Cube_FW_WB_V1.18.0, STM32Cube_FW_WL_V1.3.0, X-CUBE-ALGOBUILD_V1.3.0, X-CUBE-ALS_V1.0.1, X-CUBE-AZRTOS-F4_V1.1.0, X-CUBE-AZRTOS-F7_V1.1.0, X-CUBE-AZRTOS-G0_V1.1.0, X-CUBE-AZRTOS-G4_V2.0.0, X-CUBE-AZRTOS-H7_V3.2.0, X-CUBE-AZRTOS-L4_V1.0.0, X-CUBE-AZRTOS-L4_V2.0.0, X-CUBE-AZRTOS-L5_V1.1.0, X-CUBE-AZRTOS-WB_V2.0.0, X-CUBE-AZRTOS-WL_V2.0.0, X-CUBE-BLE1_V7.0.0, X-CUBE-BLE2_V3.3.0, X-CUBE-BLEMGR_V3.0.0, X-CUBE-EEPRMA1_V4.1.0, X-CUBE-EEPRMA1_V4.2.0, X-CUBE-FREERTOS_V1.1.0, X-CUBE-GNSS1_V6.0.0, X-CUBE-MEMS1_V10.0.0, X-CUBE-MEMS1_V9.1.0, X-CUBE-MEMS1_V9.4.0, X-CUBE-MEMS1_V9.6.0, X-CUBE-NFC4_V3.0.0, X-CUBE-NFC7_V1.0.1, X-CUBE-SFXS2LP1_V4.0.0, X-CUBE-SUBG2_V5.0.0, X-CUBE-TOF1_V3.4.0]
2024-02-19 14:17:57,919 [INFO] ApiDb:240 - Found 323 in-development CPN: [B-G473E-ZEST1S, B-WB1M-WPAN1, B-WL5M-SUBG1, NUCLEO-C031C6, NUCLEO-H503RB, NUCLEO-H563ZI, NUCLEO-U545RE-Q, NUCLEO-U5A5ZJ-Q, NUCLEO-WBA52CG, STEVAL-PROTEUS1, STEVAL-SMARTAG2, STEVAL-STWINBX1, STM320518-EVAL, STM32C0116-DK, STM32C011D6Y3TR, STM32C011D6Y6TR, STM32C011F4P3, STM32C011F4P6, STM32C011F4U3, STM32C011F4U6TR, STM32C011F6P3, STM32C011F6P6, STM32C011F6U3, STM32C011F6U6TR, STM32C011J4M3, STM32C011J4M6, STM32C011J6M3, STM32C011J6M6, STM32C0316-DK, STM32C031C4T3, STM32C031C4T6, STM32C031C4U3, STM32C031C4U6, STM32C031C6T3, STM32C031C6T6, STM32C031C6U3, STM32C031C6U6, STM32C031F4P3, STM32C031F4P6, STM32C031F6P3, STM32C031F6P6, STM32C031G4U3, STM32C031G4U6, STM32C031G6U3, STM32C031G6U6, STM32C031K4T3, STM32C031K4T6, STM32C031K4U3, STM32C031K4U6, STM32C031K6T3, STM32C031K6T6, STM32C031K6U3, STM32C031K6U6, STM32G071K8TXN, STM32G071K8UXN, STM32G081GBU6N, STM32G081KBT6N, STM32G081KBUXN, STM32G0B1CCT6N, STM32G0B1KCT6, STM32G0B1NEY6TR, STM32G0B1RCT6N, STM32G0C1CCT6, STM32G0C1CCT6N, STM32G0C1CCU6N, STM32G0C1CET6N, STM32G0C1CEU6N, STM32G0C1KCT6, STM32G0C1NEY6TR, STM32G0C1RCI6N, STM32G0C1RCT6N, STM32G0C1REI6N, STM32G0C1RET6N, STM32G0C1VCI6, STM32G0C1VEI6, STM32G471CCT6, STM32G471CCU6, STM32G471CET3, STM32G471CET6, STM32G471CEU3, STM32G471CEU6, STM32G471MCT6, STM32G471MET3, STM32G471MET6, STM32G471MEY6TR, STM32G471QCT6, STM32G471QET3, STM32G471RCT6, STM32G471RET3, STM32G471RET6, STM32G471VCH6, STM32G471VCI6, STM32G471VCT6, STM32G471VEH3, STM32G471VEH6, STM32G471VEI3, STM32G471VEI6, STM32G471VET3, STM32G471VET6, STM32G474CCT6, STM32H503CBT6, STM32H503CBU6, STM32H503EBY6TR, STM32H503KBU6, STM32H503RBT6, STM32H562AGI6, STM32H562AII6, STM32H562IGK6, STM32H562IGT6, STM32H562IIK6, STM32H562IIT6, STM32H562RGT6, STM32H562RGV6, STM32H562RIT6, STM32H562RIV6, STM32H562VGT6, STM32H562VIT6, STM32H562ZGT6, STM32H562ZIT6, STM32H563AGI6, STM32H563AII3Q, STM32H563AII6, STM32H563IGK6, STM32H563IGT6, STM32H563IIK3Q, STM32H563IIK6, STM32H563IIT3Q, STM32H563IIT6, STM32H563MIY3QTR, STM32H563RGT6, STM32H563RGV6, STM32H563RIT6, STM32H563RIV6, STM32H563VGT6, STM32H563VIT3Q, STM32H563VIT6, STM32H563ZGT6, STM32H563ZIT3Q, STM32H563ZIT6, STM32H573AII3Q, STM32H573AII6, STM32H573I-DK, STM32H573IIK3Q, STM32H573IIK6, STM32H573IIT3Q, STM32H573IIT6, STM32H573MIY3QTR, STM32H573RIT6, STM32H573RIV6, STM32H573VIT3Q, STM32H573VIT6, STM32H573ZIT3Q, STM32H573ZIT6, STM32L4R5QGI6STR, STM32MP131AAE3, STM32MP131AAF3, STM32MP131AAG3, STM32MP131CAE3, STM32MP131CAF3, STM32MP131CAG3, STM32MP131DAE7, STM32MP131DAF7, STM32MP131DAG7, STM32MP131FAE7, STM32MP131FAF7, STM32MP131FAG7, STM32MP133AAE3, STM32MP133AAF3, STM32MP133AAG3, STM32MP133CAE3, STM32MP133CAF3, STM32MP133CAG3, STM32MP133DAE7, STM32MP133DAF7, STM32MP133DAG7, STM32MP133FAE7, STM32MP133FAF7, STM32MP133FAG7, STM32MP135AAE3, STM32MP135AAF3, STM32MP135AAG3, STM32MP135CAE3, STM32MP135CAF3, STM32MP135CAG3, STM32MP135DAE7, STM32MP135DAF7, STM32MP135DAG7, STM32MP135F-DK, STM32MP135FAE7, STM32MP135FAF7, STM32MP135FAF7T, STM32MP135FAF7U, STM32MP135FAG7, STM32U535CBT6, STM32U535CBT6Q, STM32U535CBU6, STM32U535CBU6Q, STM32U535CCT6, STM32U535CCT6Q, STM32U535CCU6, STM32U535CCU6Q, STM32U535CET6, STM32U535CET6Q, STM32U535CEU6, STM32U535CEU6Q, STM32U535JEY6QTR, STM32U535NCY6QTR, STM32U535NEY6QTR, STM32U535RBI6, STM32U535RBI6Q, STM32U535RBT6, STM32U535RBT6Q, STM32U535RCI6, STM32U535RCI6Q, STM32U535RCT6, STM32U535RCT6Q, STM32U535REI6, STM32U535REI6Q, STM32U535RET6, STM32U535RET6Q, STM32U535VCI6, STM32U535VCI6Q, STM32U535VCT6, STM32U535VCT6Q, STM32U535VEI6, STM32U535VEI6Q, STM32U535VET6, STM32U535VET6Q, STM32U545CET6, STM32U545CET6Q, STM32U545CEU6, STM32U545CEU6Q, STM32U545JEY6QTR, STM32U545NEY6QTR, STM32U545REI6, STM32U545REI6Q, STM32U545RET6, STM32U545RET6Q, STM32U545VEI6, STM32U545VEI6Q, STM32U545VET6, STM32U545VET6Q, STM32U595AIH6, STM32U595AIH6Q, STM32U595AJH6, STM32U595AJH6Q, STM32U595QII6, STM32U595QII6Q, STM32U595QJI6, STM32U595QJI6Q, STM32U595RIT6, STM32U595RIT6Q, STM32U595RJT6, STM32U595RJT6Q, STM32U595VIT6, STM32U595VIT6Q, STM32U595VJT6, STM32U595VJT6Q, STM32U595ZIT6, STM32U595ZIT6Q, STM32U595ZIY6QTR, STM32U595ZJT6, STM32U595ZJT6Q, STM32U595ZJY6QTR, STM32U599BJY6QTR, STM32U599NIH6Q, STM32U599NJH6Q, STM32U599VIT6Q, STM32U599VJT6, STM32U599VJT6Q, STM32U599ZIT6Q, STM32U599ZIY6QTR, STM32U599ZJT6Q, STM32U599ZJY6QTR, STM32U5A5AJH6, STM32U5A5AJH6Q, STM32U5A5QJI6, STM32U5A5QJI6Q, STM32U5A5RJT6, STM32U5A5RJT6Q, STM32U5A5VJT6, STM32U5A5VJT6Q, STM32U5A5ZJT6, STM32U5A5ZJT6Q, STM32U5A5ZJY6QTR, STM32U5A9BJY6QTR, STM32U5A9J-DK, STM32U5A9NJH6Q, STM32U5A9VJT6Q, STM32U5A9ZJT6Q, STM32U5A9ZJY6QTR, STM32U5F7VIT6, STM32U5F7VIT6Q, STM32U5F7VJT6, STM32U5F7VJT6Q, STM32U5F9BJY6QTR, STM32U5F9NJH6Q, STM32U5F9VIT6Q, STM32U5F9VJT6Q, STM32U5F9ZIJ6QTR, STM32U5F9ZIT6Q, STM32U5F9ZJJ6QTR, STM32U5F9ZJT6Q, STM32U5G7VJT6, STM32U5G7VJT6Q, STM32U5G9BJY6QTR, STM32U5G9J-DK1, STM32U5G9J-DK2, STM32U5G9NJH6Q, STM32U5G9VJT6Q, STM32U5G9ZJJ6QTR, STM32U5G9ZJT6Q, STM32WB1MMCH6, STM32WBA52CEU6, STM32WBA52CEU6T, STM32WBA52CGU6, STM32WBA52CGU6T, STM32WBA52KEU6, STM32WBA52KEU6T, STM32WBA52KGU6, STM32WBA52KGU6T, STM32WL5MOCH6, STM32WL5MOCH6TR]
2024-02-19 14:17:57,930 [INFO] DbMcus:217 - Found 3882 MCUs, 3882 are supported
2024-02-19 14:17:57,934 [INFO] ApiDb:423 - Load user favorites file /home/pavan/.stm32cubeide/favorites.mcus.txt: 0 item(s)
2024-02-19 14:17:57,937 [INFO] ApiDb:427 - User favorites MCUs=[]
2024-02-19 14:17:57,943 [INFO] DbMcus:223 - Set 0 / 0 favorites MCUs
2024-02-19 14:17:58,774 [WARN] ThirdParty:833 - waiting for thirdparty lock release [change project]
2024-02-19 14:17:58,775 [INFO] ThirdParty:835 - entering critical section [change project]
2024-02-19 14:17:58,775 [INFO] ThirdParty:1030 - CMSIS Pack Vendor :STMicroelectronics X-CUBE-ISPU 1.1.0
2024-02-19 14:17:58,775 [INFO] ThirdParty:1030 - CMSIS Pack Vendor :STMicroelectronics USBPD 4.1
2024-02-19 14:17:58,776 [INFO] ThirdParty:1030 - CMSIS Pack Vendor :STMicroelectronics X-CUBE-GNSS1 6.0.0
2024-02-19 14:17:58,776 [INFO] ThirdParty:1030 - CMSIS Pack Vendor :STMicroelectronics USB_HOST 2.0.0
2024-02-19 14:17:58,776 [INFO] ThirdParty:1030 - CMSIS Pack Vendor :STMicroelectronics X-CUBE-AZRTOS-F4 1.1.0
2024-02-19 14:17:58,776 [INFO] ThirdParty:1030 - CMSIS Pack Vendor :STMicroelectronics LIBJPEG 8.0.0
2024-02-19 14:17:58,776 [INFO] ThirdParty:1030 - CMSIS Pack Vendor :wolfSSL I-CUBE-wolfSSL 5.6.3
2024-02-19 14:17:58,777 [INFO] ThirdParty:1030 - CMSIS Pack Vendor :STMicroelectronics X-CUBE-SMBUS 2.1.0
2024-02-19 14:17:58,777 [INFO] ThirdParty:1030 - CMSIS Pack Vendor :STMicroelectronics USB_DEVICE 3.0.0
2024-02-19 14:17:58,777 [INFO] ThirdParty:1030 - CMSIS Pack Vendor :STMicroelectronics X-CUBE-AZRTOS-WB 2.0.0
2024-02-19 14:17:58,777 [INFO] ThirdParty:1030 - CMSIS Pack Vendor :STMicroelectronics X-CUBE-TOUCHGFX 4.23.0
2024-02-19 14:17:58,777 [INFO] ThirdParty:1030 - CMSIS Pack Vendor :STMicroelectronics X-CUBE-AZRTOS-F7 1.1.0
2024-02-19 14:17:58,777 [INFO] ThirdParty:1030 - CMSIS Pack Vendor :STMicroelectronics X-CUBE-AZRTOS-L5 2.0.0
2024-02-19 14:17:58,778 [INFO] ThirdParty:1030 - CMSIS Pack Vendor :STMicroelectronics USB_DEVICE 2.0.0
2024-02-19 14:17:58,778 [INFO] ThirdParty:1030 - CMSIS Pack Vendor :STMicroelectronics X-CUBE-MEMS1 9.6.0
2024-02-19 14:17:58,778 [INFO] ThirdParty:1030 - CMSIS Pack Vendor :STMicroelectronics X-CUBE-EEPRMA1 4.2.0
2024-02-19 14:17:58,778 [INFO] ThirdParty:1030 - CMSIS Pack Vendor :ITTIA_DB I-CUBE-ITTIADB 8.8.0
2024-02-19 14:17:58,778 [INFO] ThirdParty:1030 - CMSIS Pack Vendor :STMicroelectronics FP-SNS-MOTENV1 4.3.2
2024-02-19 14:17:58,778 [INFO] ThirdParty:1030 - CMSIS Pack Vendor :STMicroelectronics X-CUBE-ALGOBUILD 1.3.0
2024-02-19 14:17:58,779 [INFO] ThirdParty:1030 - CMSIS Pack Vendor :STMicroelectronics FreeRTOS 0.0.1
2024-02-19 14:17:58,779 [INFO] ThirdParty:1030 - CMSIS Pack Vendor :STMicroelectronics X-CUBE-AZRTOS-G0 1.1.0
2024-02-19 14:17:58,779 [INFO] ThirdParty:1030 - CMSIS Pack Vendor :STMicroelectronics X-CUBE-BLEMGR 2.0.0
2024-02-19 14:17:58,779 [INFO] ThirdParty:1030 - CMSIS Pack Vendor :STMicroelectronics X-CUBE-NFC4 3.0.0
2024-02-19 14:17:58,779 [INFO] ThirdParty:1030 - CMSIS Pack Vendor :STMicroelectronics X-CUBE-SUBG2 5.0.0
2024-02-19 14:17:58,779 [INFO] ThirdParty:1030 - CMSIS Pack Vendor :STMicroelectronics STM32_WPAN 1.0.0
2024-02-19 14:17:58,780 [INFO] ThirdParty:1030 - CMSIS Pack Vendor :STMicroelectronics lwIP 2.0.3
2024-02-19 14:17:58,780 [INFO] ThirdParty:1030 - CMSIS Pack Vendor :STMicroelectronics FP-SNS-FLIGHT1 5.0.2
2024-02-19 14:17:58,780 [INFO] ThirdParty:1030 - CMSIS Pack Vendor :STMicroelectronics USB_HOST 1.0.0
2024-02-19 14:17:58,780 [INFO] ThirdParty:1030 - CMSIS Pack Vendor :STMicroelectronics X-CUBE-TOF1 3.3.1
2024-02-19 14:17:58,780 [INFO] ThirdParty:1030 - CMSIS Pack Vendor :STMicroelectronics X-CUBE-AZRTOS-G4 2.0.0
2024-02-19 14:17:58,780 [INFO] ThirdParty:1030 - CMSIS Pack Vendor :STMicroelectronics PDM2PCM 3.1.0
2024-02-19 14:17:58,781 [INFO] ThirdParty:1030 - CMSIS Pack Vendor :STMicroelectronics X-CUBE-AZRTOS-H7 3.1.0
2024-02-19 14:17:58,781 [INFO] ThirdParty:1030 - CMSIS Pack Vendor :Infineon AIROC-Wi-Fi-Bluetooth-STM32 1.5.1
2024-02-19 14:17:58,781 [INFO] ThirdParty:1030 - CMSIS Pack Vendor :STMicroelectronics X-CUBE-BLEMGR 3.0.0
2024-02-19 14:17:58,781 [INFO] ThirdParty:1030 - CMSIS Pack Vendor :STMicroelectronics PDM2PCM 3.3.0
2024-02-19 14:17:58,781 [INFO] ThirdParty:1030 - CMSIS Pack Vendor :STMicroelectronics X-CUBE-DISPLAY 3.0.0
2024-02-19 14:17:58,781 [INFO] ThirdParty:1030 - CMSIS Pack Vendor :STMicroelectronics FP-SNS-MOTENVWB1 1.3.1
2024-02-19 14:17:58,782 [INFO] ThirdParty:1030 - CMSIS Pack Vendor :STMicroelectronics X-CUBE-BLE1 7.0.0
2024-02-19 14:17:58,782 [INFO] ThirdParty:1030 - CMSIS Pack Vendor :STMicroelectronics FP-ATR-SIGFOX1 3.2.0
2024-02-19 14:17:58,782 [INFO] ThirdParty:1030 - CMSIS Pack Vendor :STMicroelectronics X-CUBE-ISPU 2.0.0
2024-02-19 14:17:58,782 [INFO] ThirdParty:1030 - CMSIS Pack Vendor :STMicroelectronics X-CUBE-EEPRMA1 5.1.0
2024-02-19 14:17:58,782 [INFO] ThirdParty:1030 - CMSIS Pack Vendor :STMicroelectronics HAL Drivers 0.0.0
2024-02-19 14:17:58,783 [INFO] ThirdParty:1030 - CMSIS Pack Vendor :STMicroelectronics MBEDTLS 2.16.2
2024-02-19 14:17:58,783 [INFO] ThirdParty:1030 - CMSIS Pack Vendor :emotas I-CUBE-CANOPEN 1.3.0
2024-02-19 14:17:58,783 [INFO] ThirdParty:1030 - CMSIS Pack Vendor :STMicroelectronics X-CUBE-MEMS1 10.0.0
2024-02-19 14:17:58,783 [INFO] ThirdParty:1030 - CMSIS Pack Vendor :STMicroelectronics X-CUBE-FREERTOS 1.1.0
2024-02-19 14:17:58,783 [INFO] ThirdParty:1030 - CMSIS Pack Vendor :STMicroelectronics X-CUBE-NFC7 1.0.1
2024-02-19 14:17:58,784 [INFO] ThirdParty:1030 - CMSIS Pack Vendor :STMicroelectronics MBEDTLS 2.14.1
2024-02-19 14:17:58,784 [INFO] ThirdParty:1030 - CMSIS Pack Vendor :STMicroelectronics X-CUBE-TOUCHGFX 4.22.1
2024-02-19 14:17:58,784 [INFO] ThirdParty:1030 - CMSIS Pack Vendor :STMicroelectronics X-CUBE-EEPRMA1 4.1.0
2024-02-19 14:17:58,784 [INFO] ThirdParty:1030 - CMSIS Pack Vendor :portGmbH I-Cube-SoM-uGOAL 1.1.0
2024-02-19 14:17:58,784 [INFO] ThirdParty:1030 - CMSIS Pack Vendor :STMicroelectronics X-CUBE-ALS 1.0.1
2024-02-19 14:17:58,784 [INFO] ThirdParty:1030 - CMSIS Pack Vendor :STMicroelectronics ThreadX 1.0.0
2024-02-19 14:17:58,785 [INFO] ThirdParty:1030 - CMSIS Pack Vendor :STMicroelectronics X-CUBE-AZRTOS-WL 2.0.0
2024-02-19 14:17:58,785 [INFO] ThirdParty:1030 - CMSIS Pack Vendor :SEGGER I-CUBE-embOS 1.3.1
2024-02-19 14:17:58,785 [INFO] ThirdParty:1030 - CMSIS Pack Vendor :STMicroelectronics USB_DEVICE 1.0.0
2024-02-19 14:17:58,785 [INFO] ThirdParty:1030 - CMSIS Pack Vendor :STMicroelectronics X-CUBE-AI 8.1.0
2024-02-19 14:17:58,785 [INFO] ThirdParty:1030 - CMSIS Pack Vendor :STMicroelectronics X-CUBE-AZRTOS-L4 2.0.0
2024-02-19 14:17:58,786 [INFO] ThirdParty:1030 - CMSIS Pack Vendor :STMicroelectronics ThreadX 0.0.2
2024-02-19 14:17:58,786 [INFO] ThirdParty:1030 - CMSIS Pack Vendor :WES I-CUBE-Cesium 1.3.0
2024-02-19 14:17:58,786 [INFO] ThirdParty:1030 - CMSIS Pack Vendor :STMicroelectronics FP-ATR-ASTRA1 2.0.0
2024-02-19 14:17:58,786 [INFO] ThirdParty:1030 - CMSIS Pack Vendor :STMicroelectronics lwIP 2.1.2
2024-02-19 14:17:58,786 [INFO] ThirdParty:1030 - CMSIS Pack Vendor :STMicroelectronics X-CUBE-SFXS2LP1 4.0.0
2024-02-19 14:17:58,786 [INFO] ThirdParty:1030 - CMSIS Pack Vendor :STMicroelectronics X-CUBE-BLE2 3.3.0
2024-02-19 14:17:58,787 [INFO] ThirdParty:1030 - CMSIS Pack Vendor :STMicroelectronics X-CUBE-TOF1 3.4.0
2024-02-19 14:17:58,787 [INFO] ThirdParty:1030 - CMSIS Pack Vendor :STMicroelectronics X-CUBE-AZRTOS-H7 3.2.0
2024-02-19 14:17:58,787 [INFO] ThirdParty:1030 - CMSIS Pack Vendor :STMicroelectronics PDM2PCM 3.2.0
2024-02-19 14:17:58,787 [INFO] ThirdParty:841 - exiting critical section [change project]
2024-02-19 14:18:00,436 [INFO] PinOutPanel:1499 - setPackage(No Configuration,No Configuration)
2024-02-19 14:18:00,459 [INFO] PinOutPanel:1499 - setPackage(STM32F407VGTx,LQFP100)
2024-02-19 14:18:01,794 [INFO] UtilMem:75 - Before build in PCC Used Memory: 565936808 Bytes (645922816)
2024-02-19 14:18:04,692 [INFO] UtilMem:75 - After build in PCC Used Memory: 399221528 Bytes (645922816)
2024-02-19 14:18:04,886 [INFO] IPUIPlugin:80 - create IPUIPlugin
2024-02-19 14:18:04,887 [INFO] IPUIPlugin:80 - create IPUIPlugin
2024-02-19 14:18:04,887 [INFO] IPUIPlugin:80 - create IPUIPlugin
2024-02-19 14:18:04,887 [INFO] IPUIPlugin:80 - create IPUIPlugin
2024-02-19 14:18:04,889 [INFO] IPUIPlugin:80 - create IPUIPlugin
2024-02-19 14:18:04,891 [INFO] IPUIPlugin:80 - create IPUIPlugin
2024-02-19 14:18:04,892 [INFO] IPUIPlugin:80 - create IPUIPlugin
2024-02-19 14:18:04,894 [INFO] IPUIPlugin:80 - create IPUIPlugin
2024-02-19 14:18:04,895 [INFO] IPUIPlugin:80 - create IPUIPlugin
2024-02-19 14:18:04,895 [INFO] IPUIPlugin:80 - create IPUIPlugin
2024-02-19 14:18:04,899 [INFO] IPUIPlugin:80 - create IPUIPlugin
2024-02-19 14:18:04,900 [INFO] IPUIPlugin:80 - create IPUIPlugin
2024-02-19 14:18:04,901 [INFO] IPUIPlugin:80 - create IPUIPlugin
2024-02-19 14:18:04,902 [INFO] IPUIPlugin:80 - create IPUIPlugin
2024-02-19 14:18:04,902 [INFO] IPUIPlugin:80 - create IPUIPlugin
2024-02-19 14:18:04,903 [INFO] IPUIPlugin:80 - create IPUIPlugin
2024-02-19 14:18:04,903 [INFO] IPUIPlugin:80 - create IPUIPlugin
2024-02-19 14:18:04,904 [INFO] IPUIPlugin:80 - create IPUIPlugin
2024-02-19 14:18:04,905 [INFO] IPUIPlugin:80 - create IPUIPlugin
2024-02-19 14:18:04,905 [INFO] IPUIPlugin:80 - create IPUIPlugin
2024-02-19 14:18:04,906 [INFO] IPUIPlugin:80 - create IPUIPlugin
2024-02-19 14:18:04,907 [INFO] IPUIPlugin:80 - create IPUIPlugin
2024-02-19 14:18:04,908 [INFO] IPUIPlugin:80 - create IPUIPlugin
2024-02-19 14:18:04,910 [INFO] IPUIPlugin:80 - create IPUIPlugin
2024-02-19 14:18:04,910 [INFO] IPUIPlugin:80 - create IPUIPlugin
2024-02-19 14:18:04,911 [INFO] IPUIPlugin:80 - create IPUIPlugin
2024-02-19 14:18:04,912 [INFO] IPUIPlugin:80 - create IPUIPlugin
2024-02-19 14:18:04,912 [INFO] IPUIPlugin:80 - create IPUIPlugin
2024-02-19 14:18:04,913 [INFO] IPUIPlugin:80 - create IPUIPlugin
2024-02-19 14:18:04,914 [INFO] IPUIPlugin:80 - create IPUIPlugin
2024-02-19 14:18:04,915 [INFO] IPUIPlugin:80 - create IPUIPlugin
2024-02-19 14:18:04,915 [INFO] IPUIPlugin:80 - create IPUIPlugin
2024-02-19 14:18:04,916 [INFO] IPUIPlugin:80 - create IPUIPlugin
2024-02-19 14:18:04,917 [INFO] IPUIPlugin:80 - create IPUIPlugin
2024-02-19 14:18:04,917 [INFO] IPUIPlugin:80 - create IPUIPlugin
2024-02-19 14:18:04,918 [INFO] IPUIPlugin:80 - create IPUIPlugin
2024-02-19 14:18:04,919 [INFO] IPUIPlugin:80 - create IPUIPlugin
2024-02-19 14:18:04,919 [INFO] IPUIPlugin:80 - create IPUIPlugin
2024-02-19 14:18:04,920 [INFO] IPUIPlugin:80 - create IPUIPlugin
2024-02-19 14:18:04,920 [INFO] IPUIPlugin:80 - create IPUIPlugin
2024-02-19 14:18:04,921 [INFO] IPUIPlugin:80 - create IPUIPlugin
2024-02-19 14:18:04,921 [INFO] IPUIPlugin:80 - create IPUIPlugin
2024-02-19 14:18:04,922 [INFO] IPUIPlugin:80 - create IPUIPlugin
2024-02-19 14:18:04,922 [INFO] IPUIPlugin:80 - create IPUIPlugin
2024-02-19 14:18:04,923 [INFO] IPUIPlugin:80 - create IPUIPlugin
2024-02-19 14:18:04,923 [INFO] IPUIPlugin:80 - create IPUIPlugin
2024-02-19 14:18:04,924 [INFO] IPUIPlugin:80 - create IPUIPlugin
2024-02-19 14:18:04,925 [INFO] IPUIPlugin:80 - create IPUIPlugin
2024-02-19 14:18:04,925 [INFO] IPUIPlugin:80 - create IPUIPlugin
2024-02-19 14:18:04,926 [INFO] IPUIPlugin:80 - create IPUIPlugin
2024-02-19 14:18:04,927 [INFO] IPUIPlugin:80 - create IPUIPlugin
2024-02-19 14:18:04,927 [INFO] IPUIPlugin:80 - create IPUIPlugin
2024-02-19 14:18:04,928 [INFO] IPUIPlugin:80 - create IPUIPlugin
2024-02-19 14:18:04,929 [INFO] IPUIPlugin:80 - create IPUIPlugin
2024-02-19 14:18:04,931 [INFO] IPUIPlugin:80 - create IPUIPlugin
2024-02-19 14:18:04,933 [INFO] IPUIPlugin:80 - create IPUIPlugin
2024-02-19 14:18:04,934 [INFO] IPUIPlugin:80 - create IPUIPlugin
2024-02-19 14:18:04,938 [INFO] IPUIPlugin:80 - create IPUIPlugin
2024-02-19 14:18:05,145 [INFO] ApiDbMcu:507 - Load IP Config File for PDM2PCM
2024-02-19 14:18:05,183 [INFO] Can:71 - Can Add PropertyChangeListener com.st.microxplorer.plugins.ip.can.Can@cb913ef
2024-02-19 14:18:05,885 [INFO] CADModel:165 - CPN selected for project levelSTM32F407VGT6
2024-02-19 14:18:05,885 [INFO] CADModel:114 - Register for checkConnection events
2024-02-19 14:18:05,995 [INFO] OpenFileManager:328 - Restore cursor
2024-02-19 14:18:48,327 [INFO] LogOutputStream:77 - [STDOUT_REDIRECT] Unexpected error loading extension: org.eclipse.equinox.p2.metadata.repository.simpleRepository
2024-02-19 14:18:48,330 [ERROR] LogOutputStream:75 - [STDERR_REDIRECT] java.lang.IllegalStateException: Attempt to access stopped agent: org.eclipse.equinox.internal.p2.core.ProvisioningAgent@2039304f
2024-02-19 14:18:48,331 [ERROR] LogOutputStream:75 - [STDERR_REDIRECT] 	at org.eclipse.equinox.internal.p2.core.ProvisioningAgent.checkRunning(ProvisioningAgent.java:86)
2024-02-19 14:18:48,333 [ERROR] LogOutputStream:75 - [STDERR_REDIRECT] 	at org.eclipse.equinox.internal.p2.core.ProvisioningAgent.getService(ProvisioningAgent.java:50)
2024-02-19 14:18:48,335 [ERROR] LogOutputStream:75 - [STDERR_REDIRECT] 	at org.eclipse.equinox.p2.core.IProvisioningAgent.getService(IProvisioningAgent.java:86)
2024-02-19 14:18:48,336 [ERROR] LogOutputStream:75 - [STDERR_REDIRECT] 	at org.eclipse.equinox.internal.p2.metadata.repository.LocalMetadataRepository.publishRepositoryReferences(LocalMetadataRepository.java:178)
2024-02-19 14:18:48,337 [ERROR] LogOutputStream:75 - [STDERR_REDIRECT] 	at org.eclipse.equinox.internal.p2.metadata.repository.LocalMetadataRepository.initialize(LocalMetadataRepository.java:171)
2024-02-19 14:18:48,338 [ERROR] LogOutputStream:75 - [STDERR_REDIRECT] 	at org.eclipse.equinox.internal.p2.metadata.repository.MetadataRepositoryIO$Parser$RepositoryHandler.finished(MetadataRepositoryIO.java:334)
2024-02-19 14:18:48,339 [ERROR] LogOutputStream:75 - [STDERR_REDIRECT] 	at org.eclipse.equinox.internal.p2.persistence.XMLParser$AbstractHandler.endElement(XMLParser.java:174)
2024-02-19 14:18:48,340 [ERROR] LogOutputStream:75 - [STDERR_REDIRECT] 	at java.xml/com.sun.org.apache.xerces.internal.parsers.AbstractSAXParser.endElement(AbstractSAXParser.java:618)
2024-02-19 14:18:48,341 [ERROR] LogOutputStream:75 - [STDERR_REDIRECT] 	at java.xml/com.sun.org.apache.xerces.internal.impl.XMLDocumentFragmentScannerImpl.scanEndElement(XMLDocumentFragmentScannerImpl.java:1728)
2024-02-19 14:18:48,344 [ERROR] LogOutputStream:75 - [STDERR_REDIRECT] 	at java.xml/com.sun.org.apache.xerces.internal.impl.XMLDocumentFragmentScannerImpl$FragmentContentDriver.next(XMLDocumentFragmentScannerImpl.java:2899)
2024-02-19 14:18:48,346 [ERROR] LogOutputStream:75 - [STDERR_REDIRECT] 	at java.xml/com.sun.org.apache.xerces.internal.impl.XMLDocumentScannerImpl.next(XMLDocumentScannerImpl.java:605)
2024-02-19 14:18:48,347 [ERROR] LogOutputStream:75 - [STDERR_REDIRECT] 	at java.xml/com.sun.org.apache.xerces.internal.impl.XMLNSDocumentScannerImpl.next(XMLNSDocumentScannerImpl.java:112)
2024-02-19 14:18:48,348 [ERROR] LogOutputStream:75 - [STDERR_REDIRECT] 	at java.xml/com.sun.org.apache.xerces.internal.impl.XMLDocumentFragmentScannerImpl.scanDocument(XMLDocumentFragmentScannerImpl.java:542)
2024-02-19 14:18:48,350 [ERROR] LogOutputStream:75 - [STDERR_REDIRECT] 	at java.xml/com.sun.org.apache.xerces.internal.parsers.XML11Configuration.parse(XML11Configuration.java:889)
2024-02-19 14:18:48,352 [ERROR] LogOutputStream:75 - [STDERR_REDIRECT] 	at java.xml/com.sun.org.apache.xerces.internal.parsers.XML11Configuration.parse(XML11Configuration.java:825)
2024-02-19 14:18:48,353 [ERROR] LogOutputStream:75 - [STDERR_REDIRECT] 	at java.xml/com.sun.org.apache.xerces.internal.parsers.XMLParser.parse(XMLParser.java:141)
2024-02-19 14:18:48,354 [ERROR] LogOutputStream:75 - [STDERR_REDIRECT] 	at java.xml/com.sun.org.apache.xerces.internal.parsers.AbstractSAXParser.parse(AbstractSAXParser.java:1224)
2024-02-19 14:18:48,356 [ERROR] LogOutputStream:75 - [STDERR_REDIRECT] 	at java.xml/com.sun.org.apache.xerces.internal.jaxp.SAXParserImpl$JAXPSAXParser.parse(SAXParserImpl.java:637)
2024-02-19 14:18:48,357 [ERROR] LogOutputStream:75 - [STDERR_REDIRECT] 	at org.eclipse.equinox.internal.p2.metadata.repository.MetadataRepositoryIO$Parser.parse(MetadataRepositoryIO.java:206)
2024-02-19 14:18:48,358 [ERROR] LogOutputStream:75 - [STDERR_REDIRECT] 	at org.eclipse.equinox.internal.p2.metadata.repository.MetadataRepositoryIO.read(MetadataRepositoryIO.java:66)
2024-02-19 14:18:48,361 [ERROR] LogOutputStream:75 - [STDERR_REDIRECT] 	at org.eclipse.equinox.internal.p2.metadata.repository.SimpleMetadataRepositoryFactory.load(SimpleMetadataRepositoryFactory.java:108)
2024-02-19 14:18:48,363 [ERROR] LogOutputStream:75 - [STDERR_REDIRECT] 	at org.eclipse.equinox.internal.p2.metadata.repository.MetadataRepositoryManager.factoryLoad(MetadataRepositoryManager.java:63)
2024-02-19 14:18:48,364 [ERROR] LogOutputStream:75 - [STDERR_REDIRECT] 	at org.eclipse.equinox.internal.p2.repository.helpers.AbstractRepositoryManager.loadRepository(AbstractRepositoryManager.java:787)
2024-02-19 14:18:48,365 [ERROR] LogOutputStream:75 - [STDERR_REDIRECT] 	at org.eclipse.equinox.internal.p2.repository.helpers.AbstractRepositoryManager.loadRepository(AbstractRepositoryManager.java:685)
2024-02-19 14:18:48,367 [ERROR] LogOutputStream:75 - [STDERR_REDIRECT] 	at org.eclipse.equinox.internal.p2.metadata.repository.MetadataRepositoryManager.loadRepository(MetadataRepositoryManager.java:110)
2024-02-19 14:18:48,368 [ERROR] LogOutputStream:75 - [STDERR_REDIRECT] 	at org.eclipse.equinox.internal.p2.metadata.repository.MetadataRepositoryManager.loadRepository(MetadataRepositoryManager.java:105)
2024-02-19 14:18:48,369 [ERROR] LogOutputStream:75 - [STDERR_REDIRECT] 	at org.eclipse.equinox.internal.p2.metadata.repository.CompositeMetadataRepository.addChild(CompositeMetadataRepository.java:171)
2024-02-19 14:18:48,370 [ERROR] LogOutputStream:75 - [STDERR_REDIRECT] 	at org.eclipse.equinox.internal.p2.metadata.repository.CompositeMetadataRepository.<init>(CompositeMetadataRepository.java:113)
2024-02-19 14:18:48,371 [ERROR] LogOutputStream:75 - [STDERR_REDIRECT] 	at org.eclipse.equinox.internal.p2.metadata.repository.CompositeMetadataRepositoryFactory.load(CompositeMetadataRepositoryFactory.java:124)
2024-02-19 14:18:48,372 [ERROR] LogOutputStream:75 - [STDERR_REDIRECT] 	at org.eclipse.equinox.internal.p2.metadata.repository.MetadataRepositoryManager.factoryLoad(MetadataRepositoryManager.java:63)
2024-02-19 14:18:48,374 [ERROR] LogOutputStream:75 - [STDERR_REDIRECT] 	at org.eclipse.equinox.internal.p2.repository.helpers.AbstractRepositoryManager.loadRepository(AbstractRepositoryManager.java:787)
2024-02-19 14:18:48,375 [ERROR] LogOutputStream:75 - [STDERR_REDIRECT] 	at org.eclipse.equinox.internal.p2.repository.helpers.AbstractRepositoryManager.loadRepository(AbstractRepositoryManager.java:685)
2024-02-19 14:18:48,376 [ERROR] LogOutputStream:75 - [STDERR_REDIRECT] 	at org.eclipse.equinox.internal.p2.metadata.repository.MetadataRepositoryManager.loadRepository(MetadataRepositoryManager.java:110)
2024-02-19 14:18:48,378 [ERROR] LogOutputStream:75 - [STDERR_REDIRECT] 	at org.eclipse.equinox.internal.p2.metadata.repository.MetadataRepositoryManager.loadRepository(MetadataRepositoryManager.java:105)
2024-02-19 14:18:48,379 [ERROR] LogOutputStream:75 - [STDERR_REDIRECT] 	at org.eclipse.equinox.internal.p2.metadata.repository.CompositeMetadataRepository.addChild(CompositeMetadataRepository.java:171)
2024-02-19 14:18:48,380 [ERROR] LogOutputStream:75 - [STDERR_REDIRECT] 	at org.eclipse.equinox.internal.p2.metadata.repository.CompositeMetadataRepository.<init>(CompositeMetadataRepository.java:113)
2024-02-19 14:18:48,381 [ERROR] LogOutputStream:75 - [STDERR_REDIRECT] 	at org.eclipse.equinox.internal.p2.metadata.repository.CompositeMetadataRepositoryFactory.load(CompositeMetadataRepositoryFactory.java:124)
2024-02-19 14:18:48,382 [ERROR] LogOutputStream:75 - [STDERR_REDIRECT] 	at org.eclipse.equinox.internal.p2.metadata.repository.MetadataRepositoryManager.factoryLoad(MetadataRepositoryManager.java:63)
2024-02-19 14:18:48,383 [ERROR] LogOutputStream:75 - [STDERR_REDIRECT] 	at org.eclipse.equinox.internal.p2.repository.helpers.AbstractRepositoryManager.loadRepository(AbstractRepositoryManager.java:787)
2024-02-19 14:18:48,385 [ERROR] LogOutputStream:75 - [STDERR_REDIRECT] 	at org.eclipse.equinox.internal.p2.repository.helpers.AbstractRepositoryManager.loadRepository(AbstractRepositoryManager.java:685)
2024-02-19 14:18:48,386 [ERROR] LogOutputStream:75 - [STDERR_REDIRECT] 	at org.eclipse.equinox.internal.p2.metadata.repository.MetadataRepositoryManager.loadRepository(MetadataRepositoryManager.java:110)
2024-02-19 14:18:48,387 [ERROR] LogOutputStream:75 - [STDERR_REDIRECT] 	at org.eclipse.equinox.internal.p2.metadata.repository.MetadataRepositoryManager.loadRepository(MetadataRepositoryManager.java:105)
2024-02-19 14:18:48,388 [ERROR] LogOutputStream:75 - [STDERR_REDIRECT] 	at org.eclipse.equinox.internal.p2.metadata.repository.CompositeMetadataRepository.addChild(CompositeMetadataRepository.java:171)
2024-02-19 14:18:48,389 [ERROR] LogOutputStream:75 - [STDERR_REDIRECT] 	at org.eclipse.equinox.internal.p2.metadata.repository.CompositeMetadataRepository.<init>(CompositeMetadataRepository.java:113)
2024-02-19 14:18:48,390 [ERROR] LogOutputStream:75 - [STDERR_REDIRECT] 	at org.eclipse.equinox.internal.p2.metadata.repository.CompositeMetadataRepositoryFactory.load(CompositeMetadataRepositoryFactory.java:124)
2024-02-19 14:18:48,392 [ERROR] LogOutputStream:75 - [STDERR_REDIRECT] 	at org.eclipse.equinox.internal.p2.metadata.repository.MetadataRepositoryManager.factoryLoad(MetadataRepositoryManager.java:63)
2024-02-19 14:18:48,393 [ERROR] LogOutputStream:75 - [STDERR_REDIRECT] 	at org.eclipse.equinox.internal.p2.repository.helpers.AbstractRepositoryManager.loadRepository(AbstractRepositoryManager.java:787)
2024-02-19 14:18:48,394 [ERROR] LogOutputStream:75 - [STDERR_REDIRECT] 	at org.eclipse.equinox.internal.p2.repository.helpers.AbstractRepositoryManager.loadRepository(AbstractRepositoryManager.java:685)
2024-02-19 14:18:48,396 [ERROR] LogOutputStream:75 - [STDERR_REDIRECT] 	at org.eclipse.equinox.internal.p2.metadata.repository.MetadataRepositoryManager.loadRepository(MetadataRepositoryManager.java:110)
2024-02-19 14:18:48,397 [ERROR] LogOutputStream:75 - [STDERR_REDIRECT] 	at org.eclipse.equinox.internal.p2.metadata.repository.MetadataRepositoryManager.loadRepository(MetadataRepositoryManager.java:105)
2024-02-19 14:18:48,398 [ERROR] LogOutputStream:75 - [STDERR_REDIRECT] 	at org.eclipse.equinox.internal.p2.metadata.repository.CompositeMetadataRepository.addChild(CompositeMetadataRepository.java:171)
2024-02-19 14:18:48,399 [ERROR] LogOutputStream:75 - [STDERR_REDIRECT] 	at org.eclipse.equinox.internal.p2.metadata.repository.CompositeMetadataRepository.<init>(CompositeMetadataRepository.java:113)
2024-02-19 14:18:48,400 [ERROR] LogOutputStream:75 - [STDERR_REDIRECT] 	at org.eclipse.equinox.internal.p2.metadata.repository.CompositeMetadataRepositoryFactory.load(CompositeMetadataRepositoryFactory.java:124)
2024-02-19 14:18:48,401 [ERROR] LogOutputStream:75 - [STDERR_REDIRECT] 	at org.eclipse.equinox.internal.p2.metadata.repository.MetadataRepositoryManager.factoryLoad(MetadataRepositoryManager.java:63)
2024-02-19 14:18:48,402 [ERROR] LogOutputStream:75 - [STDERR_REDIRECT] 	at org.eclipse.equinox.internal.p2.repository.helpers.AbstractRepositoryManager.loadRepository(AbstractRepositoryManager.java:787)
2024-02-19 14:18:48,404 [ERROR] LogOutputStream:75 - [STDERR_REDIRECT] 	at org.eclipse.equinox.internal.p2.repository.helpers.AbstractRepositoryManager.loadRepository(AbstractRepositoryManager.java:685)
2024-02-19 14:18:48,405 [ERROR] LogOutputStream:75 - [STDERR_REDIRECT] 	at org.eclipse.equinox.internal.p2.metadata.repository.MetadataRepositoryManager.loadRepository(MetadataRepositoryManager.java:110)
2024-02-19 14:18:48,406 [ERROR] LogOutputStream:75 - [STDERR_REDIRECT] 	at org.eclipse.equinox.internal.p2.metadata.repository.MetadataRepositoryManager.loadRepository(MetadataRepositoryManager.java:105)
2024-02-19 14:18:48,408 [ERROR] LogOutputStream:75 - [STDERR_REDIRECT] 	at org.eclipse.equinox.internal.p2.updatechecker.UpdateChecker.getAvailableRepositories(UpdateChecker.java:152)
2024-02-19 14:18:48,409 [ERROR] LogOutputStream:75 - [STDERR_REDIRECT] 	at org.eclipse.equinox.internal.p2.updatechecker.UpdateChecker.checkForUpdates(UpdateChecker.java:130)
2024-02-19 14:18:48,410 [ERROR] LogOutputStream:75 - [STDERR_REDIRECT] 	at org.eclipse.equinox.internal.p2.updatechecker.UpdateChecker$UpdateCheckThread.run(UpdateChecker.java:78)
